<?xml version="1.0" encoding="utf-8"?><testsuites name="pytest tests"><testsuite name="pytest" errors="0" failures="0" skipped="0" tests="6" time="14.280" timestamp="2026-08-15T02:31:03.457148+00:00" hostname="agent-env-5452a6a7-87e5-4c83-9272-82a42ebee9af"><testcase classname="tests.test_iteration35" name="test_financials_zoho_books_live" time="4.478" /><testcase classname="tests.test_iteration35" name="test_scan_books_invoices_shape" time="1.220" /><testcase classname="tests.test_iteration35" name="test_scan_books_invoices_idempotent" time="2.453" /><testcase classname="tests.test_iteration35" name="test_rate_limit_429_retry_after_shape" time="4.596" /><testcase classname="tests.test_iteration35" name="test_project_en_fields_patch_and_get" time="0.548" /><testcase classname="tests.test_iteration35" name="test_review_quote_en_patch" time="0.685" /></testsuite></testsuites>