<?xml version="1.0" encoding="utf-8"?><testsuites name="pytest tests"><testsuite name="pytest" errors="0" failures="0" skipped="0" tests="6" time="11.347" timestamp="2026-08-15T16:00:52.752688+00:00" hostname="agent-env-5452a6a7-87e5-4c83-9272-82a42ebee9af"><testcase classname="tests.test_iteration39" name="test_advisory_locks_ttl_index" time="0.113" /><testcase classname="tests.test_iteration39" name="test_try_acquire_lock_returns_false_when_held" time="0.035" /><testcase classname="tests.test_iteration39" name="test_manual_scan_bypasses_lock" time="3.763" /><testcase classname="tests.test_iteration39" name="test_books_autopilot_status_after_manual_scan" time="1.707" /><testcase classname="tests.test_iteration39" name="test_books_autopilot_status_requires_admin" time="0.280" /><testcase classname="tests.test_iteration39" name="test_scan_books_invoices_requires_admin" time="0.249" /></testsuite></testsuites>