<?xml version="1.0" encoding="utf-8"?><testsuites name="pytest tests"><testsuite name="pytest" errors="0" failures="0" skipped="0" tests="4" time="3.129" timestamp="2026-08-12T00:49:07.799524+00:00" hostname="agent-env-5452a6a7-87e5-4c83-9272-82a42ebee9af"><testcase classname="tests.test_iteration28" name="test_site_version" time="0.288" /><testcase classname="tests.test_iteration28" name="test_site_maintenance_snapshot_shape" time="0.168" /><testcase classname="tests.test_iteration28" name="test_settings_update_maintenance_fields" time="1.279" /><testcase classname="tests.test_iteration28" name="test_portal_register_without_address" time="0.445" /></testsuite></testsuites>