<?xml version="1.0" encoding="utf-8"?><testsuites name="pytest tests"><testsuite name="pytest" errors="0" failures="0" skipped="0" tests="6" time="6.221" timestamp="2026-08-12T02:17:03.087672+00:00" hostname="agent-env-5452a6a7-87e5-4c83-9272-82a42ebee9af"><testcase classname="tests.test_iteration32.TestZohoBooks" name="test_get_status_shape" time="3.100" /><testcase classname="tests.test_iteration32.TestMailboxes" name="test_sync_now_empty_and_ingested_empty" time="3.732" /><testcase classname="tests.test_iteration32.TestZohoBooks" name="test_put_persists_and_test_endpoint" time="1.603" /><testcase classname="tests.test_iteration32.TestMailboxes" name="test_add_duplicate_delete_mailbox" time="0.459" /><testcase classname="tests.test_iteration32.TestManualReviewInvite" name="test_send_invite_and_log" time="0.631" /><testcase classname="tests.test_iteration32.TestZohoBooks" name="test_cleanup_zoho_creds" time="0.002" /></testsuite></testsuites>