<?xml version="1.0" encoding="utf-8"?><testsuites name="pytest tests"><testsuite name="pytest" errors="0" failures="1" skipped="0" tests="10" time="2.628" timestamp="2026-08-08T06:05:55.393620+00:00" hostname="agent-env-5452a6a7-87e5-4c83-9272-82a42ebee9af"><testcase classname="tests.test_iteration9.TestNewPortalAuthGuards" name="test_project_detail_requires_auth" time="0.199" /><testcase classname="tests.test_iteration9.TestRegression" name="test_health" time="0.197" /><testcase classname="tests.test_iteration9.TestRegression" name="test_reviews_approved_only" time="0.128" /><testcase classname="tests.test_iteration9.TestNewPortalAuthGuards" name="test_invoice_detail_requires_auth" time="0.127" /><testcase classname="tests.test_iteration9.TestRegression" name="test_trust_stats" time="0.119" /><testcase classname="tests.test_iteration9.TestNewPortalAuthGuards" name="test_invoice_pdf_requires_auth" time="0.169" /><testcase classname="tests.test_iteration9.TestRegression" name="test_scan_invites_requires_admin" time="0.107" /><testcase classname="tests.test_iteration9.TestReviewInviteEmailShareButtons" name="test_bilingual_invite_contains_share_buttons" time="0.126" /><testcase classname="tests.test_iteration9.TestRegression" name="test_invoice_checkout_requires_portal" time="0.155" /><testcase classname="tests.test_iteration9.TestFeaturedReviewSeed" name="test_seed_featured_review_flow" time="0.534"><failure message="AssertionError: {&quot;detail&quot;:[{&quot;type&quot;:&quot;missing&quot;,&quot;loc&quot;:[&quot;body&quot;,&quot;quote&quot;],&quot;msg&quot;:&quot;Field required&quot;,&quot;input&quot;:{&quot;name&quot;:&quot;TEST Iter9&quot;,&quot;email&quot;:&quot;test-iter9@example.com&quot;,&quot;rating&quot;:5,&quot;message&quot;:&quot;TEST Iter9 featured review&quot;,&quot;project&quot;:&quot;TEST Iter9&quot;},&quot;url&quot;:&quot;https://errors.pydantic.dev/2.13/v/missing&quot;}]}&#10;assert 422 in (200, 201)&#10; +  where 422 = &lt;Response [422]&gt;.status_code">tests/test_iteration9.py:109: in test_seed_featured_review_flow
    assert r.status_code in (200, 201), r.text
E   AssertionError: {"detail":[{"type":"missing","loc":["body","quote"],"msg":"Field required","input":{"name":"TEST Iter9","email":"test-iter9@example.com","rating":5,"message":"TEST Iter9 featured review","project":"TEST Iter9"},"url":"https://errors.pydantic.dev/2.13/v/missing"}]}
E   assert 422 in (200, 201)
E    +  where 422 = &lt;Response [422]&gt;.status_code</failure></testcase></testsuite></testsuites>