<?xml version="1.0" encoding="utf-8"?><testsuites name="pytest tests"><testsuite name="pytest" errors="0" failures="1" skipped="0" tests="7" time="5.382" timestamp="2026-08-12T21:43:45.645314+00:00" hostname="agent-env-5452a6a7-87e5-4c83-9272-82a42ebee9af"><testcase classname="tests.test_iteration34.TestDicebearFemaleAvatar" name="test_dicebear_female_no_beard" time="0.289" /><testcase classname="tests.test_iteration34.TestSettingsEchoLimit" name="test_get_settings_has_field" time="0.788" /><testcase classname="tests.test_iteration34.TestSettingsEchoLimit" name="test_put_settings_updates_limit" time="0.380" /><testcase classname="tests.test_iteration34.TestSettingsEchoLimit" name="test_put_settings_clamp_upper" time="0.193" /><testcase classname="tests.test_iteration34.TestSettingsEchoLimit" name="test_put_settings_clamp_lower" time="0.155" /><testcase classname="tests.test_iteration34.TestAiTranslateRateLimit" name="test_rate_limit_enforced" time="3.014"><failure message="assert 429 == 200">backend/tests/test_iteration34.py:140: in test_rate_limit_enforced
    assert statuses[2] == 200
E   assert 429 == 200</failure></testcase><testcase classname="tests.test_iteration34.TestAiTranslateRateLimit" name="test_restore_limit_to_30" time="0.328" /></testsuite></testsuites>