<?xml version="1.0" encoding="utf-8"?><testsuites name="pytest tests"><testsuite name="pytest" errors="0" failures="1" skipped="0" tests="18" time="8.855" timestamp="2026-08-08T15:25:40.112399+00:00" hostname="agent-env-5452a6a7-87e5-4c83-9272-82a42ebee9af"><testcase classname="tests.test_iteration16" name="test_roles_include_financien" time="0.680" /><testcase classname="tests.test_iteration16" name="test_create_user_financien" time="0.537" /><testcase classname="tests.test_iteration16" name="test_financials_default_30d" time="0.133" /><testcase classname="tests.test_iteration16" name="test_financials_7d" time="0.113" /><testcase classname="tests.test_iteration16" name="test_financials_custom" time="0.113" /><testcase classname="tests.test_iteration16" name="test_financials_forbidden_for_moderator" time="1.062" /><testcase classname="tests.test_iteration16" name="test_quote_with_wishlist_and_story" time="0.124"><failure message="AssertionError: {&quot;detail&quot;:[{&quot;type&quot;:&quot;int_parsing&quot;,&quot;loc&quot;:[&quot;body&quot;,&quot;pages&quot;],&quot;msg&quot;:&quot;Input should be a valid integer, unable to parse string as an integer&quot;,&quot;input&quot;:&quot;5-10&quot;,&quot;url&quot;:&quot;https://errors.pydantic.dev/2.13/v/int_parsing&quot;}]}&#10;assert 422 == 200&#10; +  where 422 = &lt;Response [422]&gt;.status_code">backend/tests/test_iteration16.py:134: in test_quote_with_wishlist_and_story
    assert r.status_code == 200, r.text
E   AssertionError: {"detail":[{"type":"int_parsing","loc":["body","pages"],"msg":"Input should be a valid integer, unable to parse string as an integer","input":"5-10","url":"https://errors.pydantic.dev/2.13/v/int_parsing"}]}
E   assert 422 == 200
E    +  where 422 = &lt;Response [422]&gt;.status_code</failure></testcase><testcase classname="tests.test_iteration16" name="test_chat_rating_submit_and_stats" time="0.236" /><testcase classname="tests.test_iteration16" name="test_chat_rating_out_of_range" time="0.239" /><testcase classname="tests.test_iteration16" name="test_brevo_settings_encrypted" time="0.374" /><testcase classname="tests.test_iteration16" name="test_mailbox_duplicate_prevention" time="0.377" /><testcase classname="tests.test_iteration16" name="test_public_get_ok[/api/projects]" time="0.113" /><testcase classname="tests.test_iteration16" name="test_public_get_ok[/api/reviews]" time="0.123" /><testcase classname="tests.test_iteration16" name="test_public_get_ok[/api/admin/counters]" time="0.001" /><testcase classname="tests.test_iteration16" name="test_counters_admin" time="0.142" /><testcase classname="tests.test_iteration16" name="test_chat_endpoint" time="2.687" /><testcase classname="tests.test_iteration16" name="test_newsletter_subscribe" time="0.155" /><testcase classname="tests.test_iteration16" name="test_telemetry_captcha" time="0.116" /></testsuite></testsuites>