<?xml version="1.0" encoding="utf-8"?><testsuites name="pytest tests"><testsuite name="pytest" errors="0" failures="0" skipped="0" tests="28" time="11.255" timestamp="2026-08-08T03:44:47.820905+00:00" hostname="agent-env-5452a6a7-87e5-4c83-9272-82a42ebee9af"><testcase classname="tests.test_iteration7" name="test_create_review_success" time="0.846" /><testcase classname="tests.test_iteration7" name="test_create_review_rating_out_of_range" time="0.194" /><testcase classname="tests.test_iteration7" name="test_create_review_quote_too_short" time="0.131" /><testcase classname="tests.test_iteration7" name="test_create_review_missing_name" time="0.164" /><testcase classname="tests.test_iteration7" name="test_list_reviews_public_only_approved" time="0.163" /><testcase classname="tests.test_iteration7" name="test_list_reviews_approved_false_returns_unapproved" time="0.119" /><testcase classname="tests.test_iteration7" name="test_list_reviews_featured_only_returns_featured_approved" time="0.164" /><testcase classname="tests.test_iteration7" name="test_list_all_reviews_unauth_401" time="0.250" /><testcase classname="tests.test_iteration7" name="test_list_all_reviews_admin" time="0.612" /><testcase classname="tests.test_iteration7" name="test_patch_review_unauth" time="0.179" /><testcase classname="tests.test_iteration7" name="test_patch_review_approve" time="0.136" /><testcase classname="tests.test_iteration7" name="test_patch_review_feature" time="0.141" /><testcase classname="tests.test_iteration7" name="test_featured_endpoint_returns_our_featured_review" time="0.150" /><testcase classname="tests.test_iteration7" name="test_patch_review_not_found" time="0.126" /><testcase classname="tests.test_iteration7" name="test_delete_review_unauth" time="0.130" /><testcase classname="tests.test_iteration7" name="test_delete_review_admin" time="0.262" /><testcase classname="tests.test_iteration7" name="test_zoho_login_redirect_shape" time="0.130" /><testcase classname="tests.test_iteration7" name="test_zoho_exchange_bad_input_400" time="0.130" /><testcase classname="tests.test_iteration7" name="test_zoho_exchange_empty_body_400" time="0.135" /><testcase classname="tests.test_iteration7" name="test_zoho_legacy_callback_400_on_empty" time="0.172" /><testcase classname="tests.test_iteration7" name="test_portal_me_unauthenticated" time="0.145" /><testcase classname="tests.test_iteration7" name="test_portal_logout_ok" time="0.151" /><testcase classname="tests.test_iteration7" name="test_portal_endpoints_unauth_401[/api/portal/invoices]" time="0.167" /><testcase classname="tests.test_iteration7" name="test_portal_endpoints_unauth_401[/api/portal/projects]" time="0.159" /><testcase classname="tests.test_iteration7" name="test_portal_endpoints_unauth_401[/api/portal/tickets]" time="0.150" /><testcase classname="tests.test_iteration7" name="test_contact_still_works" time="0.375" /><testcase classname="tests.test_iteration7" name="test_chat_still_responds" time="2.287" /><testcase classname="tests.test_iteration7" name="test_admin_login_regression" time="0.498" /></testsuite></testsuites>