<?xml version="1.0" encoding="utf-8"?><testsuites name="pytest tests"><testsuite name="pytest" errors="0" failures="0" skipped="0" tests="15" time="7.929" timestamp="2026-08-10T02:43:52.945977+00:00" hostname="agent-env-5452a6a7-87e5-4c83-9272-82a42ebee9af"><testcase classname="tests.test_iteration19.TestPasswordReset" name="test_verify_invalid_token" time="0.265" /><testcase classname="tests.test_iteration19.TestPasswordReset" name="test_verify_expired_token" time="0.304" /><testcase classname="tests.test_iteration19.TestRegression" name="test_counters" time="0.715" /><testcase classname="tests.test_iteration19.TestPasswordReset" name="test_verify_wrong_purpose" time="0.150" /><testcase classname="tests.test_iteration19.TestRegression" name="test_financials" time="0.129" /><testcase classname="tests.test_iteration19.TestPasswordReset" name="test_verify_valid_token" time="0.123" /><testcase classname="tests.test_iteration19.TestRegression" name="test_roles" time="0.116" /><testcase classname="tests.test_iteration19.TestPasswordReset" name="test_apply_reset_and_login" time="1.584" /><testcase classname="tests.test_iteration19.TestRegression" name="test_assignees" time="0.279" /><testcase classname="tests.test_iteration19.TestRegression" name="test_quote" time="2.741" /><testcase classname="tests.test_iteration19.TestUserDetails" name="test_get_details_has_region_and_phone" time="0.556" /><testcase classname="tests.test_iteration19.TestUserDetails" name="test_update_details_region_phone" time="0.237" /><testcase classname="tests.test_iteration19.TestPortalRegistration" name="test_register_with_address" time="3.739" /><testcase classname="tests.test_iteration19.TestRegression" name="test_virus_unread" time="0.121" /><testcase classname="tests.test_iteration19.TestRegression" name="test_virus_ack_all" time="0.119" /></testsuite></testsuites>