<?xml version="1.0" encoding="utf-8"?><testsuites name="pytest tests"><testsuite name="pytest" errors="0" failures="0" skipped="0" tests="25" time="11.800" timestamp="2026-08-08T04:43:33.239004+00:00" hostname="agent-env-5452a6a7-87e5-4c83-9272-82a42ebee9af"><testcase classname="tests.test_iteration8" name="test_scan_invites_unauth_401" time="0.357" /><testcase classname="tests.test_iteration8" name="test_scan_invites_admin_200" time="1.049" /><testcase classname="tests.test_iteration8" name="test_scan_invites_idempotent" time="1.219" /><testcase classname="tests.test_iteration8" name="test_invite_log_unauth_401" time="0.126" /><testcase classname="tests.test_iteration8" name="test_invite_log_admin_200" time="0.148" /><testcase classname="tests.test_iteration8" name="test_invoice_checkout_unauth_401" time="0.125" /><testcase classname="tests.test_iteration8" name="test_invoice_checkout_bogus_payload_unauth_401" time="0.133" /><testcase classname="tests.test_iteration8" name="test_payment_status_not_found_404" time="0.148" /><testcase classname="tests.test_iteration8" name="test_stripe_webhook_bad_signature_400" time="0.159" /><testcase classname="tests.test_iteration8" name="test_portal_endpoints_unauth_401[/api/portal/invoices]" time="0.133" /><testcase classname="tests.test_iteration8" name="test_portal_endpoints_unauth_401[/api/portal/projects]" time="0.126" /><testcase classname="tests.test_iteration8" name="test_portal_endpoints_unauth_401[/api/portal/tickets]" time="0.122" /><testcase classname="tests.test_iteration8" name="test_zoho_login_redirect" time="0.131" /><testcase classname="tests.test_iteration8" name="test_create_review_unapproved" time="0.447" /><testcase classname="tests.test_iteration8" name="test_public_reviews_only_approved" time="0.126" /><testcase classname="tests.test_iteration8" name="test_public_reviews_approved_false_query_ignored" time="0.201" /><testcase classname="tests.test_iteration8" name="test_reviews_all_requires_admin" time="0.125" /><testcase classname="tests.test_iteration8" name="test_reviews_all_admin" time="0.130" /><testcase classname="tests.test_iteration8" name="test_patch_review_unauth" time="0.145" /><testcase classname="tests.test_iteration8" name="test_delete_review_unauth" time="0.124" /><testcase classname="tests.test_iteration8" name="test_delete_review_admin" time="0.132" /><testcase classname="tests.test_iteration8" name="test_super_admin_minted_token_role_admin" time="0.637" /><testcase classname="tests.test_iteration8" name="test_contact_still_works" time="0.302" /><testcase classname="tests.test_iteration8" name="test_chat_still_responds" time="1.930" /><testcase classname="tests.test_iteration8" name="test_admin_login_regression" time="0.467" /></testsuite></testsuites>