<?xml version="1.0" encoding="utf-8"?><testsuites name="pytest tests"><testsuite name="pytest" errors="0" failures="0" skipped="0" tests="13" time="5.386" timestamp="2026-08-10T03:47:57.493001+00:00" hostname="agent-env-5452a6a7-87e5-4c83-9272-82a42ebee9af"><testcase classname="tests.test_iteration20.TestAuthGuards" name="test_get_thread_requires_auth" time="0.506" /><testcase classname="tests.test_iteration20.TestAuthGuards" name="test_reply_requires_auth" time="0.337" /><testcase classname="tests.test_iteration20.TestAuthGuards" name="test_upload_requires_auth" time="0.145" /><testcase classname="tests.test_iteration20.TestAuthGuards" name="test_download_requires_auth" time="0.127" /><testcase classname="tests.test_iteration20.TestAuthGuards" name="test_delete_attach_requires_auth" time="0.124" /><testcase classname="tests.test_iteration20.TestTicketThreadCMS" name="test_get_thread_detail" time="1.371" /><testcase classname="tests.test_iteration20.TestTicketThreadCMS" name="test_get_thread_404" time="0.126" /><testcase classname="tests.test_iteration20.TestTicketThreadCMS" name="test_reply_creates_reply_and_status_in_progress" time="0.286" /><testcase classname="tests.test_iteration20.TestTicketThreadCMS" name="test_reply_preserves_done_status" time="0.532" /><testcase classname="tests.test_iteration20.TestTicketThreadCMS" name="test_upload_download_delete_attachment" time="0.623" /><testcase classname="tests.test_iteration20.TestTicketThreadCMS" name="test_add_note_regression" time="0.281" /><testcase classname="tests.test_iteration20.TestTicketThreadCMS" name="test_list_contact_strips_base64" time="0.395" /><testcase classname="tests.test_iteration20.TestTicketThreadCMS" name="test_reply_invalid_body_rejected" time="0.262" /></testsuite></testsuites>