<?xml version="1.0" encoding="utf-8"?><testsuites name="pytest tests"><testsuite name="pytest" errors="0" failures="1" skipped="0" tests="15" time="18.646" timestamp="2026-08-08T19:09:08.252198+00:00" hostname="agent-env-5452a6a7-87e5-4c83-9272-82a42ebee9af"><testcase classname="tests.test_iteration17" name="test_roles_include_crm" time="1.045" /><testcase classname="tests.test_iteration17" name="test_create_user_with_crm_role" time="1.356" /><testcase classname="tests.test_iteration17" name="test_reset_password_by_crm" time="0.787" /><testcase classname="tests.test_iteration17" name="test_reset_password_forbidden_for_chat_support" time="3.472" /><testcase classname="tests.test_iteration17" name="test_reset_verify_and_apply" time="1.794" /><testcase classname="tests.test_iteration17" name="test_change_password_super_admin" time="1.085" /><testcase classname="tests.test_iteration17" name="test_change_password_forbidden_for_crm" time="0.174" /><testcase classname="tests.test_iteration17" name="test_me_prefs" time="0.544" /><testcase classname="tests.test_iteration17" name="test_notify_updated" time="0.166" /><testcase classname="tests.test_iteration17" name="test_virus_scanner_flow" time="0.400" /><testcase classname="tests.test_iteration17" name="test_counters_include_virus_scanner" time="0.151" /><testcase classname="tests.test_iteration17" name="test_portal_registration_assign" time="0.142"><failure message="AssertionError: {&quot;detail&quot;:[{&quot;type&quot;:&quot;missing&quot;,&quot;loc&quot;:[&quot;body&quot;,&quot;name&quot;],&quot;msg&quot;:&quot;Field required&quot;,&quot;input&quot;:{&quot;first_name&quot;:&quot;TEST&quot;,&quot;last_name&quot;:&quot;Assign&quot;,&quot;email&quot;:&quot;test_reg_9d0d6b@example.com&quot;,&quot;phone&quot;:&quot;0612345678&quot;,&quot;company&quot;:&quot;Test Co&quot;,&quot;message&quot;:&quot;assign me&quot;},&quot;url&quot;:&quot;https://errors.pydantic.dev/2.13/v/missing&quot;}]}&#10;assert 422 == 200&#10; +  where 422 = &lt;Response [422]&gt;.status_code">backend/tests/test_iteration17.py:268: in test_portal_registration_assign
    assert c.status_code == 200, c.text
E   AssertionError: {"detail":[{"type":"missing","loc":["body","name"],"msg":"Field required","input":{"first_name":"TEST","last_name":"Assign","email":"test_reg_9d0d6b@example.com","phone":"0612345678","company":"Test Co","message":"assign me"},"url":"https://errors.pydantic.dev/2.13/v/missing"}]}
E   assert 422 == 200
E    +  where 422 = &lt;Response [422]&gt;.status_code</failure></testcase><testcase classname="tests.test_iteration17" name="test_assignees_shape" time="0.150" /><testcase classname="tests.test_iteration17" name="test_quote_custom_request" time="0.450" /><testcase classname="tests.test_iteration17" name="test_regression_endpoints" time="4.140" /></testsuite></testsuites>