<?xml version="1.0" encoding="utf-8"?><testsuites name="pytest tests"><testsuite name="pytest" errors="0" failures="0" skipped="0" tests="17" time="24.202" timestamp="2026-08-08T11:29:49.976892+00:00" hostname="agent-env-5452a6a7-87e5-4c83-9272-82a42ebee9af"><testcase classname="tests.test_iteration12.TestRegression" name="test_health" time="0.209" /><testcase classname="tests.test_iteration12.TestRegression" name="test_reviews_only_approved" time="0.152" /><testcase classname="tests.test_iteration12.TestRegression" name="test_site_scripts_public" time="0.149" /><testcase classname="tests.test_iteration12.TestRegression" name="test_admin_users_list" time="0.705" /><testcase classname="tests.test_iteration12.TestRegression" name="test_ticket_routes_exist" time="0.287" /><testcase classname="tests.test_iteration12.TestChatSpam" name="test_chat_spam_url_blocked" time="2.682" /><testcase classname="tests.test_iteration12.TestChatSpam" name="test_chat_normal_message" time="8.703" /><testcase classname="tests.test_iteration12.TestAgentHandoff" name="test_handoff_missing_fields" time="2.719" /><testcase classname="tests.test_iteration12.TestAgentHandoff" name="test_handoff_short_message" time="2.687" /><testcase classname="tests.test_iteration12.TestAgentHandoff" name="test_handoff_success" time="3.074" /><testcase classname="tests.test_iteration12.TestAgentHandoff" name="test_ack_requires_admin" time="0.232" /><testcase classname="tests.test_iteration12.TestAgentHandoff" name="test_ack_with_admin" time="0.213" /><testcase classname="tests.test_iteration12.TestCustomScripts" name="test_scripts_requires_auth" time="0.225" /><testcase classname="tests.test_iteration12.TestCustomScripts" name="test_scripts_write_and_verify" time="0.406" /><testcase classname="tests.test_iteration12.TestCustomScripts" name="test_scripts_clear_and_verify" time="1.002" /><testcase classname="tests.test_iteration12.TestPortalTicketGating" name="test_reply_requires_zoho" time="0.244" /><testcase classname="tests.test_iteration12.TestPortalTicketGating" name="test_attachments_requires_zoho" time="0.214" /></testsuite></testsuites>