<?xml version="1.0" encoding="utf-8"?><testsuites name="pytest tests"><testsuite name="pytest" errors="0" failures="0" skipped="1" tests="14" time="12.438" timestamp="2026-08-10T10:14:13.192646+00:00" hostname="agent-env-5452a6a7-87e5-4c83-9272-82a42ebee9af"><testcase classname="tests.test_iteration22.TestChatStats" name="test_days_1" time="0.720" /><testcase classname="tests.test_iteration22.TestChatStats" name="test_days_1825" time="0.164" /><testcase classname="tests.test_iteration22.TestChatStats" name="test_days_over_cap_is_clamped" time="0.165" /><testcase classname="tests.test_iteration22.TestChatStats" name="test_custom_from_to" time="0.122" /><testcase classname="tests.test_iteration22.TestChatStats" name="test_requires_auth" time="0.125" /><testcase classname="tests.test_iteration22.TestReplyTemplates" name="test_auth_required" time="0.281" /><testcase classname="tests.test_iteration22.TestReplyTemplates" name="test_crud_flow" time="0.887" /><testcase classname="tests.test_iteration22.TestReplyTemplates" name="test_patch_404" time="0.124" /><testcase classname="tests.test_iteration22.TestReplyTemplates" name="test_delete_404" time="0.130" /><testcase classname="tests.test_iteration22.TestReplyTemplates" name="test_validation_rejects_empty" time="0.119" /><testcase classname="tests.test_iteration22.TestAttachmentPreview" name="test_preview_returns_inline" time="8.852" /><testcase classname="tests.test_iteration22.TestAttachmentPreview" name="test_preview_requires_auth" time="0.134" /><testcase classname="tests.test_iteration22.TestAttachmentPreview" name="test_preview_404_bad_ids" time="0.298" /><testcase classname="tests.test_iteration22.TestChatRatingsRegression" name="test_ratings_up_to_1825" time="0.150"><skipped type="pytest.skip" message="chat/ratings endpoint not present">/app/backend/tests/test_iteration22.py:192: chat/ratings endpoint not present</skipped></testcase></testsuite></testsuites>