<?xml version="1.0" encoding="utf-8"?><testsuites name="pytest tests"><testsuite name="pytest" errors="0" failures="0" skipped="0" tests="9" time="17.339" timestamp="2026-08-08T13:28:39.985860+00:00" hostname="agent-env-5452a6a7-87e5-4c83-9272-82a42ebee9af"><testcase classname="tests.test_iteration14" name="test_changelog_public" time="4.642" /><testcase classname="tests.test_iteration14" name="test_assignees_requires_auth" time="0.222" /><testcase classname="tests.test_iteration14" name="test_assignees_list" time="0.871" /><testcase classname="tests.test_iteration14" name="test_portfolio_seed_and_archive" time="0.899" /><testcase classname="tests.test_iteration14" name="test_captcha_telemetry" time="0.394" /><testcase classname="tests.test_iteration14" name="test_cybersec_block_ua_parse" time="3.088" /><testcase classname="tests.test_iteration14" name="test_contact_spam_auto_mark" time="1.233" /><testcase classname="tests.test_iteration14" name="test_priority_and_archive_patch" time="0.876" /><testcase classname="tests.test_iteration14" name="test_bulk_delete_and_delete_all_spam" time="1.591" /></testsuite></testsuites>