<?xml version="1.0" encoding="utf-8"?><testsuites name="pytest tests"><testsuite name="pytest" errors="0" failures="0" skipped="0" tests="20" time="12.009" timestamp="2026-08-08T07:40:11.040840+00:00" hostname="agent-env-5452a6a7-87e5-4c83-9272-82a42ebee9af"><testcase classname="tests.test_iteration11" name="test_health" time="1.805" /><testcase classname="tests.test_iteration11" name="test_reviews_public_approved_only" time="0.172" /><testcase classname="tests.test_iteration11" name="test_stats_trust" time="0.165" /><testcase classname="tests.test_iteration11" name="test_admin_reviews_scan_invites_requires_auth" time="0.132" /><testcase classname="tests.test_iteration11" name="test_portal_tasks_requires_auth" time="0.148" /><testcase classname="tests.test_iteration11" name="test_portal_milestones_requires_auth" time="0.155" /><testcase classname="tests.test_iteration11" name="test_invoice_checkout_requires_auth" time="0.179" /><testcase classname="tests.test_iteration11" name="test_zoho_login_redirect_307" time="0.212" /><testcase classname="tests.test_iteration11" name="test_site_scripts_public_get" time="0.135" /><testcase classname="tests.test_iteration11" name="test_scripts_put_requires_auth" time="0.163" /><testcase classname="tests.test_iteration11" name="test_scripts_roundtrip" time="1.141" /><testcase classname="tests.test_iteration11" name="test_users_list_requires_auth" time="0.148" /><testcase classname="tests.test_iteration11" name="test_users_list" time="0.141" /><testcase classname="tests.test_iteration11" name="test_user_crud_and_activity" time="1.408" /><testcase classname="tests.test_iteration11" name="test_cannot_delete_seed_admin" time="0.154" /><testcase classname="tests.test_iteration11" name="test_roles_endpoint" time="0.146" /><testcase classname="tests.test_iteration11" name="test_permission_enforcement_analist_cannot_edit_scripts" time="2.410" /><testcase classname="tests.test_iteration11" name="test_ticket_detail_requires_portal_auth" time="0.138" /><testcase classname="tests.test_iteration11" name="test_ticket_threads_requires_portal_auth" time="0.127" /><testcase classname="tests.test_iteration11" name="test_ticket_reply_requires_portal_auth" time="0.181" /></testsuite></testsuites>