<?xml version="1.0" encoding="utf-8"?><testsuites name="pytest tests"><testsuite name="pytest" errors="0" failures="0" skipped="0" tests="15" time="8.407" timestamp="2026-08-08T02:16:56.072997+00:00" hostname="agent-env-5452a6a7-87e5-4c83-9272-82a42ebee9af"><testcase classname="tests.test_iteration6" name="test_register_public_success" time="2.380" /><testcase classname="tests.test_iteration6" name="test_register_missing_email_422" time="0.159" /><testcase classname="tests.test_iteration6" name="test_list_registrations_unauth_401" time="0.130" /><testcase classname="tests.test_iteration6" name="test_list_registrations_admin" time="0.622" /><testcase classname="tests.test_iteration6" name="test_list_registrations_filter_pending" time="0.157" /><testcase classname="tests.test_iteration6" name="test_patch_unauth_401" time="0.128" /><testcase classname="tests.test_iteration6" name="test_patch_invalid_status_422" time="0.139" /><testcase classname="tests.test_iteration6" name="test_patch_not_found_404" time="0.123" /><testcase classname="tests.test_iteration6" name="test_patch_approve_success" time="0.300" /><testcase classname="tests.test_iteration6" name="test_get_settings_public" time="0.126" /><testcase classname="tests.test_iteration6" name="test_put_settings_admin_only" time="0.278" /><testcase classname="tests.test_iteration6" name="test_chat_stats_admin_only" time="0.239" /><testcase classname="tests.test_iteration6" name="test_contact_public" time="0.293" /><testcase classname="tests.test_iteration6" name="test_projects_admin_only" time="0.139" /><testcase classname="tests.test_iteration6" name="test_zoho_login_redirect" time="0.146" /></testsuite></testsuites>