<?xml version="1.0" encoding="utf-8"?><testsuites name="pytest tests"><testsuite name="pytest" errors="0" failures="0" skipped="0" tests="21" time="14.805" timestamp="2026-08-08T12:44:41.702008+00:00" hostname="agent-env-5452a6a7-87e5-4c83-9272-82a42ebee9af"><testcase classname="tests.test_iteration13.TestHealth" name="test_health" time="5.129" /><testcase classname="tests.test_iteration13.TestFeedback" name="test_submit_ok" time="0.053" /><testcase classname="tests.test_iteration13.TestFeedback" name="test_short_message_rejected" time="0.047" /><testcase classname="tests.test_iteration13.TestFeedback" name="test_rate_limit_20s" time="0.101" /><testcase classname="tests.test_iteration13.TestContactDefenses" name="test_rate_limit_and_block" time="4.972" /><testcase classname="tests.test_iteration13.TestContactDefenses" name="test_spam_url_blocked_and_logged" time="0.096" /><testcase classname="tests.test_iteration13.TestPortalReviewDefenses" name="test_portal_register_rate_limit_and_block" time="1.390" /><testcase classname="tests.test_iteration13.TestPortalReviewDefenses" name="test_reviews_rate_limit_and_block" time="0.880" /><testcase classname="tests.test_iteration13.TestPortalReviewDefenses" name="test_reviews_spam_url_blocked" time="0.095" /><testcase classname="tests.test_iteration13.TestAdminCybersec" name="test_unauthenticated_401" time="0.087" /><testcase classname="tests.test_iteration13.TestAdminCybersec" name="test_stats_shape" time="0.047" /><testcase classname="tests.test_iteration13.TestAdminCybersec" name="test_blocks_list_shape" time="0.048" /><testcase classname="tests.test_iteration13.TestAdminCybersec" name="test_reblock_then_unblock_flow" time="0.323" /><testcase classname="tests.test_iteration13.TestAdminFeedback" name="test_unauth_401" time="0.046" /><testcase classname="tests.test_iteration13.TestAdminFeedback" name="test_list_patch_notes" time="0.238" /><testcase classname="tests.test_iteration13.TestAdminMessages" name="test_unauth_401" time="0.089" /><testcase classname="tests.test_iteration13.TestAdminMessages" name="test_patch_and_note" time="0.421" /><testcase classname="tests.test_iteration13.TestAdminCounters" name="test_unauth" time="0.045" /><testcase classname="tests.test_iteration13.TestAdminCounters" name="test_shape" time="0.055" /><testcase classname="tests.test_iteration13.TestRegression" name="test_reviews_public_only_approved" time="0.047" /><testcase classname="tests.test_iteration13.TestRegression" name="test_site_scripts_public" time="0.046" /></testsuite></testsuites>