<?xml version="1.0" encoding="utf-8"?><testsuites name="pytest tests"><testsuite name="pytest" errors="0" failures="0" skipped="0" tests="7" time="7.518" timestamp="2026-08-12T21:11:37.620800+00:00" hostname="agent-env-5452a6a7-87e5-4c83-9272-82a42ebee9af"><testcase classname="tests.test_iteration33" name="test_admin_login_and_me" time="1.754" /><testcase classname="tests.test_iteration33" name="test_translate_requires_auth" time="0.182" /><testcase classname="tests.test_iteration33" name="test_contact_list_regression" time="0.254" /><testcase classname="tests.test_iteration33" name="test_projects_list_regression" time="0.186" /><testcase classname="tests.test_iteration33" name="test_ai_translate_nl_to_en" time="1.895" /><testcase classname="tests.test_iteration33" name="test_ai_translate_same_lang_passthrough" time="0.311" /><testcase classname="tests.test_iteration33" name="test_ai_translate_en_to_nl" time="1.375" /></testsuite></testsuites>