<?xml version="1.0" encoding="utf-8"?><testsuites name="pytest tests"><testsuite name="pytest" errors="0" failures="0" skipped="0" tests="9" time="6.005" timestamp="2026-08-08T06:37:15.675515+00:00" hostname="agent-env-5452a6a7-87e5-4c83-9272-82a42ebee9af"><testcase classname="tests.test_iteration10.TestRegression" name="test_health" time="3.228" /><testcase classname="tests.test_iteration10.TestNewPortalAuthGuards" name="test_project_tasks_requires_auth" time="3.229" /><testcase classname="tests.test_iteration10.TestNewPortalAuthGuards" name="test_project_milestones_requires_auth" time="0.196" /><testcase classname="tests.test_iteration10.TestRegression" name="test_reviews_approved_only" time="0.281" /><testcase classname="tests.test_iteration10.TestNewPortalAuthGuards" name="test_project_detail_still_requires_auth" time="0.138" /><testcase classname="tests.test_iteration10.TestRegression" name="test_trust_stats" time="0.120" /><testcase classname="tests.test_iteration10.TestAllThreeShareButtons" name="test_bilingual_invite_contains_all_three_platforms" time="0.149" /><testcase classname="tests.test_iteration10.TestRegression" name="test_scan_invites_requires_admin" time="0.158" /><testcase classname="tests.test_iteration10.TestRegression" name="test_invoice_checkout_requires_portal" time="0.120" /></testsuite></testsuites>