<?xml version="1.0" encoding="utf-8"?><testsuites name="pytest tests"><testsuite name="pytest" errors="0" failures="0" skipped="0" tests="10" time="2.877" timestamp="2026-08-08T02:04:16.519109+00:00" hostname="agent-env-5452a6a7-87e5-4c83-9272-82a42ebee9af"><testcase classname="tests.test_iteration5" name="test_chat_stats_requires_admin" time="0.268" /><testcase classname="tests.test_iteration5" name="test_chat_stats_default_30" time="0.408" /><testcase classname="tests.test_iteration5" name="test_chat_stats_days_7" time="0.066" /><testcase classname="tests.test_iteration5" name="test_zoho_login_redirect" time="0.067" /><testcase classname="tests.test_iteration5" name="test_portal_me_no_session" time="0.150" /><testcase classname="tests.test_iteration5" name="test_portal_invoices_no_session" time="0.132" /><testcase classname="tests.test_iteration5" name="test_portal_projects_no_session" time="0.122" /><testcase classname="tests.test_iteration5" name="test_portal_tickets_no_session" time="0.121" /><testcase classname="tests.test_iteration5" name="test_robots_txt" time="0.151" /><testcase classname="tests.test_iteration5" name="test_sitemap_xml" time="0.126" /></testsuite></testsuites>