<?xml version="1.0" encoding="utf-8"?><testsuites name="pytest tests"><testsuite name="pytest" errors="0" failures="0" skipped="0" tests="16" time="8.466" timestamp="2026-08-08T14:02:19.881651+00:00" hostname="agent-env-5452a6a7-87e5-4c83-9272-82a42ebee9af"><testcase classname="tests.test_iteration15" name="test_changelog_current_and_minor" time="1.797" /><testcase classname="tests.test_iteration15" name="test_priority_alerts_unauth" time="0.207" /><testcase classname="tests.test_iteration15" name="test_priority_alerts_shape" time="0.658" /><testcase classname="tests.test_iteration15" name="test_newsletter_subscribe_public" time="0.326" /><testcase classname="tests.test_iteration15" name="test_newsletter_subscribe_invalid" time="0.125" /><testcase classname="tests.test_iteration15" name="test_newsletter_stats_unauth" time="0.122" /><testcase classname="tests.test_iteration15" name="test_newsletter_stats" time="0.277" /><testcase classname="tests.test_iteration15" name="test_brevo_settings_get_and_put" time="0.475" /><testcase classname="tests.test_iteration15" name="test_brevo_campaigns_mocked" time="0.135" /><testcase classname="tests.test_iteration15" name="test_mailboxes_crud" time="0.440" /><testcase classname="tests.test_iteration15" name="test_mailboxes_unauth" time="0.165" /><testcase classname="tests.test_iteration15" name="test_virus_scanner_logs" time="0.191" /><testcase classname="tests.test_iteration15" name="test_virus_scanner_quarantine_404" time="0.175" /><testcase classname="tests.test_iteration15" name="test_user_details_get" time="0.181" /><testcase classname="tests.test_iteration15" name="test_user_details_put" time="0.282" /><testcase classname="tests.test_iteration15" name="test_user_reset_password" time="0.141" /></testsuite></testsuites>