<?xml version="1.0" encoding="utf-8"?><testsuites name="pytest tests"><testsuite name="pytest" errors="0" failures="0" skipped="0" tests="5" time="3.323" timestamp="2026-08-12T01:47:08.694025+00:00" hostname="agent-env-5452a6a7-87e5-4c83-9272-82a42ebee9af"><testcase classname="tests.test_iteration30" name="test_public_maintenance_shape" time="0.213" /><testcase classname="tests.test_iteration30" name="test_settings_put_persists_new_fields" time="1.206" /><testcase classname="tests.test_iteration30" name="test_portal_documents_admin_flow" time="0.587" /><testcase classname="tests.test_iteration30" name="test_portal_documents_requires_portal_session" time="0.116" /><testcase classname="tests.test_iteration30" name="test_admin_portal_documents_requires_auth" time="0.125" /></testsuite></testsuites>