<?xml version="1.0" encoding="utf-8"?><testsuites name="pytest tests"><testsuite name="pytest" errors="0" failures="0" skipped="0" tests="18" time="5.452" timestamp="2026-08-15T16:19:32.261215+00:00" hostname="agent-env-5452a6a7-87e5-4c83-9272-82a42ebee9af"><testcase classname="tests.test_iteration40.TestOwnNotificationSender" name="test_resend_dev_domain_is_own" time="0.002" /><testcase classname="tests.test_iteration40.TestClassifyNotification" name="test_review_pattern" time="0.006" /><testcase classname="tests.test_iteration40.TestOwnNotificationSender" name="test_resend_notifications_domain_is_own" time="0.004" /><testcase classname="tests.test_iteration40.TestClassifyNotification" name="test_registration_pattern" time="0.007" /><testcase classname="tests.test_iteration40.TestOwnNotificationSender" name="test_external_customer_is_not_own" time="0.009" /><testcase classname="tests.test_iteration40.TestClassifyNotification" name="test_chat_handoff_pattern" time="0.005" /><testcase classname="tests.test_iteration40.TestClassifyNotification" name="test_contact_pattern" time="0.001" /><testcase classname="tests.test_iteration40.TestOwnNotificationSender" name="test_pearblue_own_domain" time="0.001" /><testcase classname="tests.test_iteration40.TestOwnNotificationSender" name="test_empty_sender_defaults_to_own" time="0.008" /><testcase classname="tests.test_iteration40.TestClassifyNotification" name="test_ambiguous_fallback_to_contact" time="0.003" /><testcase classname="tests.test_iteration40.TestOwnNotificationSender" name="test_quota_subject_from_external_is_still_own" time="0.001" /><testcase classname="tests.test_iteration40.TestClassifyNotification" name="test_no_match_returns_none" time="0.005" /><testcase classname="tests.test_iteration40.TestRebuildMatches" name="test_endpoint_requires_auth" time="0.420" /><testcase classname="tests.test_iteration40.TestClassifyNotification" name="test_empty_subject" time="0.003" /><testcase classname="tests.test_iteration40.TestClassifyNotification" name="test_priority_review_beats_generic" time="0.005" /><testcase classname="tests.test_iteration40.TestRebuildMatches" name="test_rebuild_matches_shape" time="1.319" /><testcase classname="tests.test_iteration40.TestRebuildMatches" name="test_rebuild_matches_idempotent" time="1.300" /><testcase classname="tests.test_iteration40.TestRebuildMatches" name="test_ingested_log_has_matched_kind_or_ticket" time="0.272" /></testsuite></testsuites>