<?xml version="1.0" encoding="utf-8"?><testsuites name="pytest tests"><testsuite name="pytest" errors="0" failures="0" skipped="0" tests="14" time="15.243" timestamp="2026-08-08T01:03:39.854214+00:00" hostname="agent-env-5452a6a7-87e5-4c83-9272-82a42ebee9af"><testcase classname="tests.backend_test" name="test_health" time="0.294" /><testcase classname="tests.backend_test" name="test_login_success" time="0.368" /><testcase classname="tests.backend_test" name="test_login_wrong_password" time="0.361" /><testcase classname="tests.backend_test" name="test_login_unknown_email" time="0.059" /><testcase classname="tests.backend_test" name="test_auth_me_without_token" time="0.052" /><testcase classname="tests.backend_test" name="test_auth_me_with_token" time="0.983" /><testcase classname="tests.backend_test" name="test_auth_me_bad_token" time="0.049" /><testcase classname="tests.backend_test" name="test_projects_list_public" time="0.090" /><testcase classname="tests.backend_test" name="test_projects_post_without_token" time="0.049" /><testcase classname="tests.backend_test" name="test_projects_delete_without_token" time="0.048" /><testcase classname="tests.backend_test" name="test_projects_create_and_delete_with_admin" time="0.203" /><testcase classname="tests.backend_test" name="test_chat_basic_nl" time="3.540" /><testcase classname="tests.backend_test" name="test_chat_multi_turn_context" time="7.577" /><testcase classname="tests.backend_test" name="test_contact_create" time="0.064" /></testsuite></testsuites>