<?xml version="1.0" encoding="utf-8"?><testsuites name="pytest tests"><testsuite name="pytest" errors="0" failures="0" skipped="0" tests="18" time="61.316" timestamp="2026-08-08T01:39:53.093607+00:00" hostname="agent-env-5452a6a7-87e5-4c83-9272-82a42ebee9af"><testcase classname="tests.backend_test" name="test_health" time="0.338" /><testcase classname="tests.backend_test" name="test_login_success" time="0.326" /><testcase classname="tests.backend_test" name="test_login_wrong_password" time="0.328" /><testcase classname="tests.backend_test" name="test_login_unknown_email" time="0.046" /><testcase classname="tests.backend_test" name="test_auth_me_without_token" time="0.045" /><testcase classname="tests.backend_test" name="test_auth_me_with_token" time="0.367" /><testcase classname="tests.backend_test" name="test_auth_me_bad_token" time="0.042" /><testcase classname="tests.backend_test" name="test_projects_list_public" time="0.046" /><testcase classname="tests.backend_test" name="test_projects_post_without_token" time="0.043" /><testcase classname="tests.backend_test" name="test_projects_delete_without_token" time="0.045" /><testcase classname="tests.backend_test" name="test_projects_create_and_delete_with_admin" time="0.189" /><testcase classname="tests.backend_test" name="test_chat_basic_nl" time="3.630" /><testcase classname="tests.backend_test" name="test_chat_multi_turn_context" time="8.034" /><testcase classname="tests.backend_test" name="test_settings_get_public" time="0.048" /><testcase classname="tests.backend_test" name="test_settings_put_unauthenticated" time="0.044" /><testcase classname="tests.backend_test" name="test_settings_put_with_admin_and_persistence" time="0.096" /><testcase classname="tests.backend_test" name="test_chat_returns_remaining_and_rate_limits" time="45.717" /><testcase classname="tests.backend_test" name="test_contact_create" time="0.365" /></testsuite></testsuites>